<?xml version="1.0" encoding="UTF-8"?>
<testng-results ignored="0" total="1" passed="1" failed="0" skipped="0">
  <reporter-output>
  </reporter-output>
  <suite started-at="2024-04-27T12:43:41 IST" name="Default suite" finished-at="2024-04-27T12:44:18 IST" duration-ms="37079">
    <groups>
    </groups>
    <test started-at="2024-04-27T12:43:41 IST" name="Default test" finished-at="2024-04-27T12:44:18 IST" duration-ms="37079">
      <class name="testCases.Login">
        <test-method is-config="true" signature="setUpSuite()[pri:0, instance:testCases.Login@9353778]" started-at="2024-04-27T12:43:41 IST" name="setUpSuite" finished-at="2024-04-27T12:43:41 IST" duration-ms="303" status="PASS">
          <reporter-output>
          </reporter-output>
        </test-method> <!-- setUpSuite -->
        <test-method is-config="true" signature="startBrowswer()[pri:0, instance:testCases.Login@9353778]" started-at="2024-04-27T12:43:41 IST" name="startBrowswer" finished-at="2024-04-27T12:44:03 IST" duration-ms="21844" status="PASS">
          <reporter-output>
          </reporter-output>
        </test-method> <!-- startBrowswer -->
        <test-method signature="loginApp()[pri:0, instance:testCases.Login@9353778]" started-at="2024-04-27T12:44:03 IST" name="loginApp" finished-at="2024-04-27T12:44:16 IST" duration-ms="12921" status="PASS">
          <reporter-output>
          </reporter-output>
        </test-method> <!-- loginApp -->
        <test-method is-config="true" signature="tearDownMethod(org.testng.ITestResult)[pri:0, instance:testCases.Login@9353778]" started-at="2024-04-27T12:44:16 IST" name="tearDownMethod" finished-at="2024-04-27T12:44:18 IST" duration-ms="1558" status="PASS">
          <params>
            <param index="0">
              <value>
                <![CDATA[[TestResult name=loginApp status=SUCCESS method=Login.loginApp()[pri:0, instance:testCases.Login@9353778] output={null}]]]>
              </value>
            </param>
          </params>
          <reporter-output>
          </reporter-output>
        </test-method> <!-- tearDownMethod -->
        <test-method is-config="true" signature="closeBrowswer()[pri:0, instance:testCases.Login@9353778]" started-at="2024-04-27T12:44:18 IST" name="closeBrowswer" finished-at="2024-04-27T12:44:18 IST" duration-ms="699" status="PASS">
          <reporter-output>
          </reporter-output>
        </test-method> <!-- closeBrowswer -->
      </class> <!-- testCases.Login -->
    </test> <!-- Default test -->
  </suite> <!-- Default suite -->
</testng-results>
